`<000>

Loading Schematic file 'C:\PADS Projects\Training.sch'...
Schematic file loaded -- `DESIGN[C:\PADS Projects\Training.sch][C:\PADS Projects\Training.sch]
Auto Backup... Please wait...Done
Connecting to PADS Layout...
Connected to PADS Layout
Generating Net List...
Net List has errors - see error report file.
Net List errors report -- `COMMAND[notepad.exe 'C:\PADS Projects\padsnet.err'][C:\PADS Projects\padsnet.err]
Exporting Net List to PADS Layout...Done
Saving Schematic file 'C:\PADS Projects\Training.sch'...
Schematic file saved -- `DESIGN[C:\PADS Projects\Training.sch][C:\PADS Projects\Training.sch]
Saving Schematic file 'C:\PADS Projects\Training.sch'...
Schematic file saved -- `DESIGN[C:\PADS Projects\Training.sch][C:\PADS Projects\Training.sch]
Disconnecting from PADS Layout...
Disconnected from PADS Layout
Connecting to PADS Layout...
Connected to PADS Layout
Generating Net List...
Net List has errors - see error report file.
Net List errors report -- `COMMAND[notepad.exe 'C:\PADS Projects\padsnet.err'][C:\PADS Projects\padsnet.err]
Exporting Net List to PADS Layout...Done
Auto Backup... Please wait...Done
Disconnecting from PADS Layout...
Disconnected from PADS Layout
Saving Schematic file 'C:\PADS Projects\Training.sch'...
Schematic file saved -- `DESIGN[C:\PADS Projects\Training.sch][C:\PADS Projects\Training.sch]
Auto Backup... Please wait...Done
Connecting to PADS Layout...
Connected to PADS Layout
Generating Net List...
Net List has errors - see error report file.
Net List errors report -- `COMMAND[notepad.exe 'C:\PADS Projects\padsnet.err'][C:\PADS Projects\padsnet.err]
Generating Net List...
Net List has errors - see error report file.
Net List errors report -- `COMMAND[notepad.exe 'C:\PADS Projects\padsnet.err'][C:\PADS Projects\padsnet.err]
Exporting Net List to PADS Layout...Done
Disconnecting from PADS Layout...
Disconnected from PADS Layout
Saving Schematic file 'C:\PADS Projects\Training.sch'...
Schematic file saved -- `DESIGN[C:\PADS Projects\Training.sch][C:\PADS Projects\Training.sch]